<?xml version="1.0" encoding="UTF-8"?>
<StyledLayerDescriptor xmlns="http://www.opengis.net/sld" xmlns:ogc="http://www.opengis.net/ogc" xmlns:xlink="http://www.w3.org/1999/xlink" xmlns:xsi="http://www.w3.org/2001/XMLSchema-instance" xsi:schemaLocation="http://www.opengis.net/sld
http://schemas.opengis.net/sld/1.0.0/StyledLayerDescriptor.xsd" version="1.0.0">
  <NamedLayer>
	<Name></Name>
	<UserStyle>
	  <FeatureTypeStyle>
		<Rule>
		  <RasterSymbolizer>
			<ColorMap type="intervals">
			  <ColorMapEntry color="#ff0000" quantity="1.00" opacity="0"/>
			  <ColorMapEntry color="#00ff00" quantity="2.00"/>
			</ColorMap>
		  </RasterSymbolizer>
		</Rule>
	  </FeatureTypeStyle>
	</UserStyle>
  </NamedLayer>
</StyledLayerDescriptor>
